# JRE version: Java(TM) SE Runtime Environment (14.0.2+12) (build 14.0.2+12-46)
# Java VM: Java HotSpot(TM) 64-Bit Server VM (14.0.2+12-46, mixed mode, sharing, tiered, compressed oops, g1 gc, windows-amd64)
Heap:
 garbage-first heap   total 73728K, used 27986K [0x00000000a1800000, 0x0000000100000000)
  region size 1024K, 8 young (8192K), 5 survivors (5120K)
 Metaspace       used 53940K, capacity 55479K, committed 55628K, reserved 1097728K
  class space    used 7375K, capacity 7986K, committed 8064K, reserved 1048576K
GC Heap History (20 events):
Event: 7.569 GC heap before
{Heap before GC invocations=7 (full 0):
 garbage-first heap   total 51200K, used 37896K [0x00000000a1800000, 0x0000000100000000)
  region size 1024K, 30 young (30720K), 4 survivors (4096K)
 Metaspace       used 22091K, capacity 22888K, committed 23040K, reserved 1069056K
  class space    used 2902K, capacity 3239K, committed 3328K, reserved 1048576K
}
Event: 7.577 GC heap after
{Heap after GC invocations=8 (full 0):
 garbage-first heap   total 51200K, used 12948K [0x00000000a1800000, 0x0000000100000000)
  region size 1024K, 3 young (3072K), 3 survivors (3072K)
 Metaspace       used 22091K, capacity 22888K, committed 23040K, reserved 1069056K
  class space    used 2902K, capacity 3239K, committed 3328K, reserved 1048576K
}
Event: 8.495 GC heap before
{Heap before GC invocations=8 (full 0):
 garbage-first heap   total 51200K, used 39572K [0x00000000a1800000, 0x0000000100000000)
  region size 1024K, 29 young (29696K), 3 survivors (3072K)
 Metaspace       used 24177K, capacity 25133K, committed 25344K, reserved 1071104K
  class space    used 3187K, capacity 3554K, committed 3584K, reserved 1048576K
}
Event: 8.504 GC heap after
{Heap after GC invocations=9 (full 0):
 garbage-first heap   total 51200K, used 13630K [0x00000000a1800000, 0x0000000100000000)
  region size 1024K, 2 young (2048K), 2 survivors (2048K)
 Metaspace       used 24177K, capacity 25133K, committed 25344K, reserved 1071104K
  class space    used 3187K, capacity 3554K, committed 3584K, reserved 1048576K
}
Event: 9.653 GC heap before
{Heap before GC invocations=9 (full 0):
 garbage-first heap   total 51200K, used 40254K [0x00000000a1800000, 0x0000000100000000)
  region size 1024K, 28 young (28672K), 2 survivors (2048K)
 Metaspace       used 27038K, capacity 28077K, committed 28416K, reserved 1073152K
  class space    used 3569K, capacity 3970K, committed 4096K, reserved 1048576K
}
Event: 9.665 GC heap after
{Heap after GC invocations=10 (full 0):
 garbage-first heap   total 51200K, used 15062K [0x00000000a1800000, 0x0000000100000000)
  region size 1024K, 4 young (4096K), 4 survivors (4096K)
 Metaspace       used 27038K, capacity 28077K, committed 28416K, reserved 1073152K
  class space    used 3569K, capacity 3970K, committed 4096K, reserved 1048576K
}
Event: 10.822 GC heap before
{Heap before GC invocations=10 (full 0):
 garbage-first heap   total 51200K, used 39638K [0x00000000a1800000, 0x0000000100000000)
  region size 1024K, 28 young (28672K), 4 survivors (4096K)
 Metaspace       used 29665K, capacity 30727K, committed 30976K, reserved 1075200K
  class space    used 3862K, capacity 4277K, committed 4352K, reserved 1048576K
}
Event: 10.835 GC heap after
{Heap after GC invocations=11 (full 0):
 garbage-first heap   total 51200K, used 16416K [0x00000000a1800000, 0x0000000100000000)
  region size 1024K, 3 young (3072K), 3 survivors (3072K)
 Metaspace       used 29665K, capacity 30727K, committed 30976K, reserved 1075200K
  class space    used 3862K, capacity 4277K, committed 4352K, reserved 1048576K
}
Event: 11.529 GC heap before
{Heap before GC invocations=11 (full 0):
 garbage-first heap   total 51200K, used 38944K [0x00000000a1800000, 0x0000000100000000)
  region size 1024K, 26 young (26624K), 3 survivors (3072K)
 Metaspace       used 33039K, capacity 34074K, committed 34304K, reserved 1079296K
  class space    used 4227K, capacity 4603K, committed 4608K, reserved 1048576K
}
Event: 11.542 GC heap after
{Heap after GC invocations=12 (full 0):
 garbage-first heap   total 61440K, used 17854K [0x00000000a1800000, 0x0000000100000000)
  region size 1024K, 3 young (3072K), 3 survivors (3072K)
 Metaspace       used 33039K, capacity 34074K, committed 34304K, reserved 1079296K
  class space    used 4227K, capacity 4603K, committed 4608K, reserved 1048576K
}
Event: 12.082 GC heap before
{Heap before GC invocations=12 (full 0):
 garbage-first heap   total 61440K, used 27070K [0x00000000a1800000, 0x0000000100000000)
  region size 1024K, 13 young (13312K), 3 survivors (3072K)
 Metaspace       used 34795K, capacity 35813K, committed 35840K, reserved 1081344K
  class space    used 4487K, capacity 4862K, committed 4864K, reserved 1048576K
}
Event: 12.094 GC heap after
{Heap after GC invocations=13 (full 0):
 garbage-first heap   total 61440K, used 18035K [0x00000000a1800000, 0x0000000100000000)
  region size 1024K, 3 young (3072K), 3 survivors (3072K)
 Metaspace       used 34795K, capacity 35813K, committed 35840K, reserved 1081344K
  class space    used 4487K, capacity 4862K, committed 4864K, reserved 1048576K
}
Event: 13.199 GC heap before
{Heap before GC invocations=14 (full 0):
 garbage-first heap   total 61440K, used 49779K [0x00000000a1800000, 0x0000000100000000)
  region size 1024K, 34 young (34816K), 3 survivors (3072K)
 Metaspace       used 40253K, capacity 41338K, committed 41420K, reserved 1085440K
  class space    used 5396K, capacity 5851K, committed 5888K, reserved 1048576K
}
Event: 13.212 GC heap after
{Heap after GC invocations=15 (full 0):
 garbage-first heap   total 61440K, used 18955K [0x00000000a1800000, 0x0000000100000000)
  region size 1024K, 3 young (3072K), 3 survivors (3072K)
 Metaspace       used 40253K, capacity 41338K, committed 41420K, reserved 1085440K
  class space    used 5396K, capacity 5851K, committed 5888K, reserved 1048576K
}
Event: 14.044 GC heap before
{Heap before GC invocations=15 (full 0):
 garbage-first heap   total 61440K, used 48651K [0x00000000a1800000, 0x0000000100000000)
  region size 1024K, 32 young (32768K), 3 survivors (3072K)
 Metaspace       used 44771K, capacity 45943K, committed 46156K, reserved 1089536K
  class space    used 6077K, capacity 6511K, committed 6528K, reserved 1048576K
}
Event: 14.055 GC heap after
{Heap after GC invocations=16 (full 0):
 garbage-first heap   total 61440K, used 19982K [0x00000000a1800000, 0x0000000100000000)
  region size 1024K, 3 young (3072K), 3 survivors (3072K)
 Metaspace       used 44771K, capacity 45943K, committed 46156K, reserved 1089536K
  class space    used 6077K, capacity 6511K, committed 6528K, reserved 1048576K
}
Event: 14.891 GC heap before
{Heap before GC invocations=16 (full 0):
 garbage-first heap   total 61440K, used 49678K [0x00000000a1800000, 0x0000000100000000)
  region size 1024K, 32 young (32768K), 3 survivors (3072K)
 Metaspace       used 48459K, capacity 49675K, committed 49868K, reserved 1091584K
  class space    used 6640K, capacity 7106K, committed 7168K, reserved 1048576K
}
Event: 14.903 GC heap after
{Heap after GC invocations=17 (full 0):
 garbage-first heap   total 73728K, used 21093K [0x00000000a1800000, 0x0000000100000000)
  region size 1024K, 3 young (3072K), 3 survivors (3072K)
 Metaspace       used 48459K, capacity 49675K, committed 49868K, reserved 1091584K
  class space    used 6640K, capacity 7106K, committed 7168K, reserved 1048576K
}
Event: 16.469 GC heap before
{Heap before GC invocations=17 (full 0):
 garbage-first heap   total 73728K, used 60005K [0x00000000a1800000, 0x0000000100000000)
  region size 1024K, 41 young (41984K), 3 survivors (3072K)
 Metaspace       used 52882K, capacity 54247K, committed 54348K, reserved 1095680K
  class space    used 7208K, capacity 7749K, committed 7808K, reserved 1048576K
}
Event: 16.491 GC heap after
{Heap after GC invocations=18 (full 0):
 garbage-first heap   total 73728K, used 23666K [0x00000000a1800000, 0x0000000100000000)
  region size 1024K, 6 young (6144K), 6 survivors (6144K)
 Metaspace       used 52882K, capacity 54247K, committed 54348K, reserved 1095680K
  class space    used 7208K, capacity 7749K, committed 7808K, reserved 1048576K
}

